<?xml version="1.0" encoding="UTF-8"?>
<!-- Generated by org.testng.reporters.JUnitXMLReporter -->
<testsuite hostname="07HW011868" ignored="0" name="Default test" tests="3" failures="0" timestamp="06 Jul 2020 16:03:49 GMT" time="24.456" errors="0">
  <testcase name="TC001_FindProduct" time="10.112" classname="tests.SUT001_AmericanasPurchaseListTests"/>
  <testcase name="TC002_FindAndBuyProduct" time="6.207" classname="tests.SUT001_AmericanasPurchaseListTests"/>
  <testcase name="TC002_FindAndSelectProduct" time="6.656" classname="tests.SUT001_AmericanasPurchaseListTests"/>
</testsuite> <!-- Default test -->
