<?xml version="1.0" encoding="UTF-8"?>
<testng-results skipped="0" failed="1" ignored="0" total="3" passed="2">
  <reporter-output>
  </reporter-output>
  <suite name="Suite" duration-ms="25940" started-at="2020-07-06T19:13:38Z" finished-at="2020-07-06T19:14:04Z">
    <groups>
    </groups>
    <test name="Test" duration-ms="25940" started-at="2020-07-06T19:13:38Z" finished-at="2020-07-06T19:14:04Z">
      <class name="tests.SUT001_AmericanasPurchaseListTests">
        <test-method status="PASS" signature="initializeDriver()[pri:0, instance:tests.SUT001_AmericanasPurchaseListTests@7d9d1a19]" name="initializeDriver" is-config="true" duration-ms="4935" started-at="2020-07-06T19:13:33Z" finished-at="2020-07-06T19:13:38Z">
          <reporter-output>
          </reporter-output>
        </test-method> <!-- initializeDriver -->
        <test-method status="PASS" signature="beforeMethod(java.lang.reflect.Method, org.testng.ITestContext)[pri:0, instance:tests.SUT001_AmericanasPurchaseListTests@7d9d1a19]" name="beforeMethod" is-config="true" duration-ms="5" started-at="2020-07-06T19:13:38Z" finished-at="2020-07-06T19:13:38Z">
          <params>
            <param index="0">
              <value>
                <![CDATA[public void tests.SUT001_AmericanasPurchaseListTests.TC001_FindProduct()]]>
              </value>
            </param>
            <param index="1">
              <value>
                <![CDATA[org.testng.TestRunner@503d56b5]]>
              </value>
            </param>
          </params>
          <reporter-output>
          </reporter-output>
        </test-method> <!-- beforeMethod -->
        <test-method status="PASS" signature="TC001_FindProduct()[pri:0, instance:tests.SUT001_AmericanasPurchaseListTests@7d9d1a19]" name="TC001_FindProduct" duration-ms="6619" started-at="2020-07-06T19:13:38Z" description="Realizar uma busca na página principal e verificar se foi exibido o produto informando." finished-at="2020-07-06T19:13:44Z">
          <reporter-output>
          </reporter-output>
        </test-method> <!-- TC001_FindProduct -->
        <test-method status="PASS" signature="afterMethod(org.testng.ITestResult, java.lang.reflect.Method)[pri:0, instance:tests.SUT001_AmericanasPurchaseListTests@7d9d1a19]" name="afterMethod" is-config="true" duration-ms="661" started-at="2020-07-06T19:13:44Z" finished-at="2020-07-06T19:13:45Z">
          <params>
            <param index="0">
              <value>
                <![CDATA[[TestResult name=TC001_FindProduct status=SUCCESS method=SUT001_AmericanasPurchaseListTests.TC001_FindProduct()[pri:0, instance:tests.SUT001_AmericanasPurchaseListTests@7d9d1a19] output={null}]]]>
              </value>
            </param>
            <param index="1">
              <value>
                <![CDATA[public void tests.SUT001_AmericanasPurchaseListTests.TC001_FindProduct()]]>
              </value>
            </param>
          </params>
          <reporter-output>
          </reporter-output>
        </test-method> <!-- afterMethod -->
        <test-method status="PASS" signature="beforeMethod(java.lang.reflect.Method, org.testng.ITestContext)[pri:0, instance:tests.SUT001_AmericanasPurchaseListTests@7d9d1a19]" name="beforeMethod" is-config="true" duration-ms="0" started-at="2020-07-06T19:13:45Z" finished-at="2020-07-06T19:13:45Z">
          <params>
            <param index="0">
              <value>
                <![CDATA[public void tests.SUT001_AmericanasPurchaseListTests.TC002_FindAndAddToCart()]]>
              </value>
            </param>
            <param index="1">
              <value>
                <![CDATA[org.testng.TestRunner@503d56b5]]>
              </value>
            </param>
          </params>
          <reporter-output>
          </reporter-output>
        </test-method> <!-- beforeMethod -->
        <test-method status="PASS" signature="TC002_FindAndAddToCart()[pri:0, instance:tests.SUT001_AmericanasPurchaseListTests@7d9d1a19]" name="TC002_FindAndAddToCart" duration-ms="8751" started-at="2020-07-06T19:13:45Z" description="Realizar uma busca na página principal e adicionar o produto ao carrinho." finished-at="2020-07-06T19:13:54Z">
          <reporter-output>
          </reporter-output>
        </test-method> <!-- TC002_FindAndAddToCart -->
        <test-method status="PASS" signature="afterMethod(org.testng.ITestResult, java.lang.reflect.Method)[pri:0, instance:tests.SUT001_AmericanasPurchaseListTests@7d9d1a19]" name="afterMethod" is-config="true" duration-ms="426" started-at="2020-07-06T19:13:54Z" finished-at="2020-07-06T19:13:54Z">
          <params>
            <param index="0">
              <value>
                <![CDATA[[TestResult name=TC002_FindAndAddToCart status=SUCCESS method=SUT001_AmericanasPurchaseListTests.TC002_FindAndAddToCart()[pri:0, instance:tests.SUT001_AmericanasPurchaseListTests@7d9d1a19] output={null}]]]>
              </value>
            </param>
            <param index="1">
              <value>
                <![CDATA[public void tests.SUT001_AmericanasPurchaseListTests.TC002_FindAndAddToCart()]]>
              </value>
            </param>
          </params>
          <reporter-output>
          </reporter-output>
        </test-method> <!-- afterMethod -->
        <test-method status="PASS" signature="beforeMethod(java.lang.reflect.Method, org.testng.ITestContext)[pri:0, instance:tests.SUT001_AmericanasPurchaseListTests@7d9d1a19]" name="beforeMethod" is-config="true" duration-ms="1" started-at="2020-07-06T19:13:54Z" finished-at="2020-07-06T19:13:54Z">
          <params>
            <param index="0">
              <value>
                <![CDATA[public void tests.SUT001_AmericanasPurchaseListTests.TC003_FindAndBuyProduct()]]>
              </value>
            </param>
            <param index="1">
              <value>
                <![CDATA[org.testng.TestRunner@503d56b5]]>
              </value>
            </param>
          </params>
          <reporter-output>
          </reporter-output>
        </test-method> <!-- beforeMethod -->
        <test-method status="FAIL" signature="TC003_FindAndBuyProduct()[pri:0, instance:tests.SUT001_AmericanasPurchaseListTests@7d9d1a19]" name="TC003_FindAndBuyProduct" duration-ms="9108" started-at="2020-07-06T19:13:54Z" description="Realizar uma busca na página principal, adicionar no carrinho e clicar em comprar." finished-at="2020-07-06T19:14:03Z">
          <exception class="java.lang.AssertionError">
            <message>
              <![CDATA[Test 'clickOnButtonBuy' ended with ERROR - Method 'clickButton' Expected result message:  not present in element. 
<p>Stacktrace: element click intercepted: Element is not clickable at point (1124, 652)
  (Session info: chrome=83.0.4103.61)
Build info: version: '3.141.59', revision: 'e82be7d358', time: '2018-11-14T08:17:03'
System info: host: '07HW011868', ip: '10.90.70.89', os.name: 'Windows 10', os.arch: 'amd64', os.version: '10.0', java.version: '1.8.0_201'
Driver info: org.openqa.selenium.chrome.ChromeDriver
Capabilities {acceptInsecureCerts: false, browserName: chrome, browserVersion: 83.0.4103.61, chrome: {chromedriverVersion: 83.0.4103.39 (ccbf011cb2d2b..., userDataDir: C:\Users\1680395\AppData\Lo...}, goog:chromeOptions: {debuggerAddress: localhost:57400}, javascriptEnabled: true, networkConnectionEnabled: false, pageLoadStrategy: normal, platform: WINDOWS, platformName: WINDOWS, proxy: Proxy(), setWindowRect: true, strictFileInteractability: false, timeouts: {implicit: 0, pageLoad: 300000, script: 30000}, unhandledPromptBehavior: dismiss and notify, webauthn:virtualAuthenticators: true}
Session ID: 840d88b32c5cd3b6cad47eb66bee30a5]]>
            </message>
            <full-stacktrace>
              <![CDATA[java.lang.AssertionError: Test 'clickOnButtonBuy' ended with ERROR - Method 'clickButton' Expected result message:  not present in element. 
<p>Stacktrace: element click intercepted: Element is not clickable at point (1124, 652)
  (Session info: chrome=83.0.4103.61)
Build info: version: '3.141.59', revision: 'e82be7d358', time: '2018-11-14T08:17:03'
System info: host: '07HW011868', ip: '10.90.70.89', os.name: 'Windows 10', os.arch: 'amd64', os.version: '10.0', java.version: '1.8.0_201'
Driver info: org.openqa.selenium.chrome.ChromeDriver
Capabilities {acceptInsecureCerts: false, browserName: chrome, browserVersion: 83.0.4103.61, chrome: {chromedriverVersion: 83.0.4103.39 (ccbf011cb2d2b..., userDataDir: C:\Users\1680395\AppData\Lo...}, goog:chromeOptions: {debuggerAddress: localhost:57400}, javascriptEnabled: true, networkConnectionEnabled: false, pageLoadStrategy: normal, platform: WINDOWS, platformName: WINDOWS, proxy: Proxy(), setWindowRect: true, strictFileInteractability: false, timeouts: {implicit: 0, pageLoad: 300000, script: 30000}, unhandledPromptBehavior: dismiss and notify, webauthn:virtualAuthenticators: true}
Session ID: 840d88b32c5cd3b6cad47eb66bee30a5
at org.testng.Assert.fail(Assert.java:96)
at selenium.SeleniumButton.clickButton(SeleniumButton.java:28)
at pages.americanas.AmericanasHomePage.clickOnButtonBuy(AmericanasHomePage.java:74)
at tests.SUT001_AmericanasPurchaseListTests.TC003_FindAndBuyProduct(SUT001_AmericanasPurchaseListTests.java:40)
at sun.reflect.NativeMethodAccessorImpl.invoke0(Native Method)
at sun.reflect.NativeMethodAccessorImpl.invoke(Unknown Source)
at sun.reflect.DelegatingMethodAccessorImpl.invoke(Unknown Source)
at java.lang.reflect.Method.invoke(Unknown Source)
at org.testng.internal.MethodInvocationHelper.invokeMethod(MethodInvocationHelper.java:124)
at org.testng.internal.Invoker.invokeMethod(Invoker.java:583)
at org.testng.internal.Invoker.invokeTestMethod(Invoker.java:719)
at org.testng.internal.Invoker.invokeTestMethods(Invoker.java:989)
at org.testng.internal.TestMethodWorker.invokeTestMethods(TestMethodWorker.java:125)
at org.testng.internal.TestMethodWorker.run(TestMethodWorker.java:109)
at org.testng.TestRunner.privateRun(TestRunner.java:648)
at org.testng.TestRunner.run(TestRunner.java:505)
at org.testng.SuiteRunner.runTest(SuiteRunner.java:455)
at org.testng.SuiteRunner.runSequentially(SuiteRunner.java:450)
at org.testng.SuiteRunner.privateRun(SuiteRunner.java:415)
at org.testng.SuiteRunner.run(SuiteRunner.java:364)
at org.testng.SuiteRunnerWorker.runSuite(SuiteRunnerWorker.java:52)
at org.testng.SuiteRunnerWorker.run(SuiteRunnerWorker.java:84)
at org.testng.TestNG.runSuitesSequentially(TestNG.java:1208)
at org.testng.TestNG.runSuitesLocally(TestNG.java:1137)
at org.testng.TestNG.runSuites(TestNG.java:1049)
at org.testng.TestNG.run(TestNG.java:1017)
at org.testng.remote.AbstractRemoteTestNG.run(AbstractRemoteTestNG.java:115)
at org.testng.remote.RemoteTestNG.initAndRun(RemoteTestNG.java:251)
at org.testng.remote.RemoteTestNG.main(RemoteTestNG.java:77)
]]>
            </full-stacktrace>
          </exception> <!-- java.lang.AssertionError -->
          <reporter-output>
          </reporter-output>
        </test-method> <!-- TC003_FindAndBuyProduct -->
        <test-method status="PASS" signature="afterMethod(org.testng.ITestResult, java.lang.reflect.Method)[pri:0, instance:tests.SUT001_AmericanasPurchaseListTests@7d9d1a19]" name="afterMethod" is-config="true" duration-ms="347" started-at="2020-07-06T19:14:03Z" finished-at="2020-07-06T19:14:04Z">
          <params>
            <param index="0">
              <value>
                <![CDATA[[TestResult name=TC003_FindAndBuyProduct status=FAILURE method=SUT001_AmericanasPurchaseListTests.TC003_FindAndBuyProduct()[pri:0, instance:tests.SUT001_AmericanasPurchaseListTests@7d9d1a19] output={null}]]]>
              </value>
            </param>
            <param index="1">
              <value>
                <![CDATA[public void tests.SUT001_AmericanasPurchaseListTests.TC003_FindAndBuyProduct()]]>
              </value>
            </param>
          </params>
          <reporter-output>
          </reporter-output>
        </test-method> <!-- afterMethod -->
        <test-method status="PASS" signature="quitDriver()[pri:0, instance:tests.SUT001_AmericanasPurchaseListTests@7d9d1a19]" name="quitDriver" is-config="true" duration-ms="806" started-at="2020-07-06T19:14:04Z" finished-at="2020-07-06T19:14:04Z">
          <reporter-output>
          </reporter-output>
        </test-method> <!-- quitDriver -->
      </class> <!-- tests.SUT001_AmericanasPurchaseListTests -->
    </test> <!-- Test -->
  </suite> <!-- Suite -->
</testng-results>
